Performing C SOURCE FILE Test CMAKE_HAVE_LIBC_PTHREAD failed with the following output:
Change Dir: /shared/home/ccuser/ReproducibilityChallenge/run/scripts/.dacecache/auto_opt/build/CMakeFiles/CMakeTmp

Run Build Command(s):/usr/bin/make -f Makefile cmTC_2c7c8/fast && /usr/bin/make  -f CMakeFiles/cmTC_2c7c8.dir/build.make CMakeFiles/cmTC_2c7c8.dir/build
make[1]: Entering directory '/shared/home/ccuser/ReproducibilityChallenge/run/scripts/.dacecache/auto_opt/build/CMakeFiles/CMakeTmp'
Building C object CMakeFiles/cmTC_2c7c8.dir/src.c.o
/shared/home/ccuser/ReproducibilityChallenge/compile/spack-0.18.1/opt/spack/linux-ubuntu18.04-zen/gcc-7.5.0/gcc-10.2.0-s24g77kg7o56escg2hn44tvbrwxg7pwh/bin/gcc -DCMAKE_HAVE_LIBC_PTHREAD   -o CMakeFiles/cmTC_2c7c8.dir/src.c.o -c /shared/home/ccuser/ReproducibilityChallenge/run/scripts/.dacecache/auto_opt/build/CMakeFiles/CMakeTmp/src.c
Linking C executable cmTC_2c7c8
/shared/home/ccuser/ReproducibilityChallenge/compile/spack-0.18.1/opt/spack/linux-ubuntu18.04-zen2/gcc-10.2.0/cmake-3.23.1-xolhqpby6n6nd276crvklckjdplyl7hq/bin/cmake -E cmake_link_script CMakeFiles/cmTC_2c7c8.dir/link.txt --verbose=1
/shared/home/ccuser/ReproducibilityChallenge/compile/spack-0.18.1/opt/spack/linux-ubuntu18.04-zen/gcc-7.5.0/gcc-10.2.0-s24g77kg7o56escg2hn44tvbrwxg7pwh/bin/gcc CMakeFiles/cmTC_2c7c8.dir/src.c.o -o cmTC_2c7c8 
CMakeFiles/cmTC_2c7c8.dir/src.c.o: In function `main':
src.c:(.text+0x2d): undefined reference to `pthread_create'
src.c:(.text+0x39): undefined reference to `pthread_detach'
src.c:(.text+0x45): undefined reference to `pthread_cancel'
src.c:(.text+0x56): undefined reference to `pthread_join'
src.c:(.text+0x6a): undefined reference to `pthread_atfork'
collect2: error: ld returned 1 exit status
CMakeFiles/cmTC_2c7c8.dir/build.make:98: recipe for target 'cmTC_2c7c8' failed
make[1]: *** [cmTC_2c7c8] Error 1
make[1]: Leaving directory '/shared/home/ccuser/ReproducibilityChallenge/run/scripts/.dacecache/auto_opt/build/CMakeFiles/CMakeTmp'
Makefile:127: recipe for target 'cmTC_2c7c8/fast' failed
make: *** [cmTC_2c7c8/fast] Error 2


Source file was:
#include <pthread.h>

static void* test_func(void* data)
{
  return data;
}

int main(void)
{
  pthread_t thread;
  pthread_create(&thread, NULL, test_func, NULL);
  pthread_detach(thread);
  pthread_cancel(thread);
  pthread_join(thread, NULL);
  pthread_atfork(NULL, NULL, NULL);
  pthread_exit(NULL);

  return 0;
}

Determining if the function pthread_create exists in the pthreads failed with the following output:
Change Dir: /shared/home/ccuser/ReproducibilityChallenge/run/scripts/.dacecache/auto_opt/build/CMakeFiles/CMakeTmp

Run Build Command(s):/usr/bin/make -f Makefile cmTC_427ab/fast && /usr/bin/make  -f CMakeFiles/cmTC_427ab.dir/build.make CMakeFiles/cmTC_427ab.dir/build
make[1]: Entering directory '/shared/home/ccuser/ReproducibilityChallenge/run/scripts/.dacecache/auto_opt/build/CMakeFiles/CMakeTmp'
Building C object CMakeFiles/cmTC_427ab.dir/CheckFunctionExists.c.o
/shared/home/ccuser/ReproducibilityChallenge/compile/spack-0.18.1/opt/spack/linux-ubuntu18.04-zen/gcc-7.5.0/gcc-10.2.0-s24g77kg7o56escg2hn44tvbrwxg7pwh/bin/gcc   -DCHECK_FUNCTION_EXISTS=pthread_create -o CMakeFiles/cmTC_427ab.dir/CheckFunctionExists.c.o -c /shared/home/ccuser/ReproducibilityChallenge/compile/spack-0.18.1/opt/spack/linux-ubuntu18.04-zen2/gcc-10.2.0/cmake-3.23.1-xolhqpby6n6nd276crvklckjdplyl7hq/share/cmake-3.23/Modules/CheckFunctionExists.c
Linking C executable cmTC_427ab
/shared/home/ccuser/ReproducibilityChallenge/compile/spack-0.18.1/opt/spack/linux-ubuntu18.04-zen2/gcc-10.2.0/cmake-3.23.1-xolhqpby6n6nd276crvklckjdplyl7hq/bin/cmake -E cmake_link_script CMakeFiles/cmTC_427ab.dir/link.txt --verbose=1
/shared/home/ccuser/ReproducibilityChallenge/compile/spack-0.18.1/opt/spack/linux-ubuntu18.04-zen/gcc-7.5.0/gcc-10.2.0-s24g77kg7o56escg2hn44tvbrwxg7pwh/bin/gcc  -DCHECK_FUNCTION_EXISTS=pthread_create CMakeFiles/cmTC_427ab.dir/CheckFunctionExists.c.o -o cmTC_427ab  -lpthreads 
/usr/bin/ld: cannot find -lpthreads
collect2: error: ld returned 1 exit status
CMakeFiles/cmTC_427ab.dir/build.make:98: recipe for target 'cmTC_427ab' failed
make[1]: *** [cmTC_427ab] Error 1
make[1]: Leaving directory '/shared/home/ccuser/ReproducibilityChallenge/run/scripts/.dacecache/auto_opt/build/CMakeFiles/CMakeTmp'
Makefile:127: recipe for target 'cmTC_427ab/fast' failed
make: *** [cmTC_427ab/fast] Error 2



